The system is: Windows - 10.0.19043 - AMD64
Compiling the C compiler identification source file "CMakeCCompilerId.c" succeeded.
Compiler:  
Build flags: 
Id flags:  

The output was:
0
.NET Framework 向け Microsoft (R) Build Engine バージョン 16.11.0+0538acc04
Copyright (C) Microsoft Corporation.All rights reserved.

2021/10/01 4:41:32 にビルドを開始しました。
ノード 1 上のプロジェクト "C:\Users\svyut\Documents\passthrough_sftp\build\CMakeFiles\3.21.3\CompilerIdC\CompilerIdC.vcxproj" (既定のターゲット)。
PrepareForBuild:
  ディレクトリ "Debug\" を作成しています。
  ディレクトリ "Debug\CompilerIdC.tlog\" を作成しています。
InitializeBuildStatus:
  "AlwaysCreate" が指定されたため "Debug\CompilerIdC.tlog\unsuccessfulbuild" を作成しています。
VcpkgTripletSelection:
  Using triplet "x64-windows" from "C:\Users\svyut\vcpkg\installed\\x64-windows\"
ClCompile:
  C:\Program Files (x86)\Microsoft Visual Studio\2019\Community\VC\Tools\MSVC\14.29.30133\bin\HostX64\x64\CL.exe /c /I"C:\Users\svyut\vcpkg\installed\\x64-windows\include" /nologo /W0 /WX- /diagnostics:column /Od /D _MBCS /Gm- /EHsc /RTC1 /MDd /GS /fp:precise /Zc:wchar_t /Zc:forScope /Zc:inline /Fo"Debug\\" /Fd"Debug\vc142.pdb" /external:W0 /Gd /TC /FC /errorReport:queue CMakeCCompilerId.c
  CMakeCCompilerId.c
Link:
  C:\Program Files (x86)\Microsoft Visual Studio\2019\Community\VC\Tools\MSVC\14.29.30133\bin\HostX64\x64\link.exe /ERRORREPORT:QUEUE /OUT:".\CompilerIdC.exe" /INCREMENTAL:NO /NOLOGO /LIBPATH:"C:\Users\svyut\vcpkg\installed\\x64-windows\debug\lib" /LIBPATH:"C:\Users\svyut\vcpkg\installed\\x64-windows\debug\lib\manual-link" kernel32.lib user32.lib gdi32.lib winspool.lib comdlg32.lib advapi32.lib shell32.lib ole32.lib oleaut32.lib uuid.lib odbc32.lib odbccp32.lib "C:\Users\svyut\vcpkg\installed\\x64-windows\debug\lib\*.lib" /MANIFEST /MANIFESTUAC:"level='asInvoker' uiAccess='false'" /manifest:embed /PDB:".\CompilerIdC.pdb" /SUBSYSTEM:CONSOLE /TLBID:1 /DYNAMICBASE /NXCOMPAT /IMPLIB:".\CompilerIdC.lib" /MACHINE:X64 Debug\CMakeCCompilerId.obj
  CompilerIdC.vcxproj -> C:\Users\svyut\Documents\passthrough_sftp\build\CMakeFiles\3.21.3\CompilerIdC\CompilerIdC.exe
AppLocalFromInstalled:
  pwsh.exe -ExecutionPolicy Bypass -noprofile -File "C:\Users\svyut\vcpkg\scripts\buildsystems\msbuild\applocal.ps1" "C:\Users\svyut\Documents\passthrough_sftp\build\CMakeFiles\3.21.3\CompilerIdC\CompilerIdC.exe" "C:\Users\svyut\vcpkg\installed\\x64-windows\debug\bin" "Debug\CompilerIdC.tlog\CompilerIdC.write.1u.tlog" "Debug\vcpkg.applocal.log"
  'pwsh.exe' は、内部コマンドまたは外部コマンド、
  操作可能なプログラムまたはバッチ ファイルとして認識されていません。
  コマンド "pwsh.exe -ExecutionPolicy Bypass -noprofile -File "C:\Users\svyut\vcpkg\scripts\buildsystems\msbuild\applocal.ps1" "C:\Users\svyut\Documents\passthrough_sftp\build\CMakeFiles\3.21.3\CompilerIdC\CompilerIdC.exe" "C:\Users\svyut\vcpkg\installed\\x64-windows\debug\bin" "Debug\CompilerIdC.tlog\CompilerIdC.write.1u.tlog" "Debug\vcpkg.applocal.log"" はコード 9009 で終了しました。
  "C:\Windows\System32\WindowsPowerShell\v1.0\powershell.exe" -ExecutionPolicy Bypass -noprofile -File "C:\Users\svyut\vcpkg\scripts\buildsystems\msbuild\applocal.ps1" "C:\Users\svyut\Documents\passthrough_sftp\build\CMakeFiles\3.21.3\CompilerIdC\CompilerIdC.exe" "C:\Users\svyut\vcpkg\installed\\x64-windows\debug\bin" "Debug\CompilerIdC.tlog\CompilerIdC.write.1u.tlog" "Debug\vcpkg.applocal.log"
PostBuildEvent:
  for %%i in (cl.exe) do @echo CMAKE_C_COMPILER=%%~$PATH:i
  :VCEnd
  CMAKE_C_COMPILER=C:\Program Files (x86)\Microsoft Visual Studio\2019\Community\VC\Tools\MSVC\14.29.30133\bin\Hostx64\x64\cl.exe
FinalizeBuildStatus:
  ファイル "Debug\CompilerIdC.tlog\unsuccessfulbuild" を削除しています。
  "Debug\CompilerIdC.tlog\CompilerIdC.lastbuildstate" のタッチ タスクを実行しています。
プロジェクト "C:\Users\svyut\Documents\passthrough_sftp\build\CMakeFiles\3.21.3\CompilerIdC\CompilerIdC.vcxproj" (既定のターゲット) のビルドが完了しました。

ビルドに成功しました。
    0 個の警告
    0 エラー

経過時間 00:00:01.85


Compilation of the C compiler identification source "CMakeCCompilerId.c" produced "CompilerIdC.exe"

Compilation of the C compiler identification source "CMakeCCompilerId.c" produced "CompilerIdC.vcxproj"

The C compiler identification is MSVC, found in "C:/Users/svyut/Documents/passthrough_sftp/build/CMakeFiles/3.21.3/CompilerIdC/CompilerIdC.exe"

Detecting C compiler ABI info compiled with the following output:
Change Dir: C:/Users/svyut/Documents/passthrough_sftp/build/CMakeFiles/CMakeTmp

Run Build Command(s):C:/Program Files (x86)/Microsoft Visual Studio/2019/Community/MSBuild/Current/Bin/MSBuild.exe cmTC_0c44a.vcxproj /p:Configuration=Debug /p:Platform=x64 /p:VisualStudioVersion=16.0 /v:m && .NET Framework 向け Microsoft (R) Build Engine バージョン 16.11.0+0538acc04
Copyright (C) Microsoft Corporation.All rights reserved.

  Microsoft(R) C/C++ Optimizing Compiler Version 19.29.30133 for x64
  Copyright (C) Microsoft Corporation.  All rights reserved.
  CMakeCCompilerABI.c
  cl /c /Zi /W3 /WX- /diagnostics:column /Od /Ob0 /D _MBCS /D WIN32 /D _WINDOWS /D "CMAKE_INTDIR=\"Debug\"" /Gm- /RTC1 /MDd /GS /fp:precise /Zc:wchar_t /Zc:forScope /Zc:inline /Fo"cmTC_0c44a.dir\Debug\\" /Fd"cmTC_0c44a.dir\Debug\vc142.pdb" /external:W3 /Gd /TC /errorReport:queue "C:\Program Files\CMake\share\cmake-3.21\Modules\CMakeCCompilerABI.c"
  cmTC_0c44a.vcxproj -> C:\Users\svyut\Documents\passthrough_sftp\build\CMakeFiles\CMakeTmp\Debug\cmTC_0c44a.exe



